c:\users\timon\source\repos\buas_intake\debug\vc142.pdb
c:\users\timon\source\repos\buas_intake\debug\vc142.idb
c:\users\timon\source\repos\buas_intake\debug\textureloader.obj
c:\users\timon\source\repos\buas_intake\debug\main.obj
c:\users\timon\source\repos\buas_intake\debug\game.obj
c:\users\timon\source\repos\buas_intake\debug\physicsworld.obj
c:\users\timon\source\repos\buas_intake\debug\physicsmath.obj
c:\users\timon\source\repos\buas_intake\debug\physicsbody.obj
c:\users\timon\source\repos\buas_intake\debug\material.obj
c:\users\timon\source\repos\buas_intake\debug\collision.obj
c:\users\timon\source\repos\buas_intake\debug\catapult.obj
c:\users\timon\source\repos\buas_intake\debug\objectloader.obj
c:\users\timon\source\repos\buas_intake\debug\level.obj
c:\users\timon\source\repos\buas_intake\debug\fontloader.obj
c:\users\timon\source\repos\buas_intake\debug\mainmenu.obj
c:\users\timon\source\repos\buas_intake\debug\levelicon.obj
c:\users\timon\source\repos\buas_intake\debug\button.obj
c:\users\timon\source\repos\buas_intake\debug\audioloader.obj
c:\users\timon\source\repos\buas_intake\debug\buas_intake.exe
c:\users\timon\source\repos\buas_intake\debug\buas_intake.ilk
c:\users\timon\source\repos\buas_intake\debug\buas_intake.pdb
c:\users\timon\documents\github\buas-intake-excercise\debug\audioloader.obj
c:\users\timon\documents\github\buas-intake-excercise\debug\button.obj
c:\users\timon\documents\github\buas-intake-excercise\debug\catapult.obj
c:\users\timon\documents\github\buas-intake-excercise\debug\collision.obj
c:\users\timon\documents\github\buas-intake-excercise\debug\fontloader.obj
c:\users\timon\documents\github\buas-intake-excercise\debug\game.obj
c:\users\timon\documents\github\buas-intake-excercise\debug\level.obj
c:\users\timon\documents\github\buas-intake-excercise\debug\levelicon.obj
c:\users\timon\documents\github\buas-intake-excercise\debug\main.obj
c:\users\timon\documents\github\buas-intake-excercise\debug\mainmenu.obj
c:\users\timon\documents\github\buas-intake-excercise\debug\material.obj
c:\users\timon\documents\github\buas-intake-excercise\debug\objectloader.obj
c:\users\timon\documents\github\buas-intake-excercise\debug\physicsbody.obj
c:\users\timon\documents\github\buas-intake-excercise\debug\physicsmath.obj
c:\users\timon\documents\github\buas-intake-excercise\debug\physicsworld.obj
c:\users\timon\documents\github\buas-intake-excercise\debug\textureloader.obj
c:\users\timon\documents\github\buas-intake-excercise\debug\buas_intake.ilk
c:\users\timon\documents\github\buas-intake-excercise\debug\vc142.idb
c:\users\timon\documents\github\buas-intake-excercise\debug\buas_intake.pdb
c:\users\timon\documents\github\buas-intake-excercise\debug\vc142.pdb
c:\users\timon\documents\github\buas-intake-excercise\debug\buas_intake.exe
c:\users\timon\documents\github\buas-intake-excercise\debug\buas_intake.tlog\cl.command.1.tlog
c:\users\timon\documents\github\buas-intake-excercise\debug\buas_intake.tlog\cl.read.1.tlog
c:\users\timon\documents\github\buas-intake-excercise\debug\buas_intake.tlog\cl.write.1.tlog
c:\users\timon\documents\github\buas-intake-excercise\debug\buas_intake.tlog\link.command.1.tlog
c:\users\timon\documents\github\buas-intake-excercise\debug\buas_intake.tlog\link.read.1.tlog
c:\users\timon\documents\github\buas-intake-excercise\debug\buas_intake.tlog\link.write.1.tlog
