c:\users\timon\source\repos\buas_intake\release\buas_intake.ipdb
c:\users\timon\source\repos\buas_intake\release\buas_intake.iobj
c:\users\timon\source\repos\buas_intake\release\vc142.pdb
c:\users\timon\source\repos\buas_intake\release\main.obj
c:\users\timon\source\repos\buas_intake\release\physicsworld.obj
c:\users\timon\source\repos\buas_intake\release\physicsbody.obj
c:\users\timon\source\repos\buas_intake\release\game.obj
c:\users\timon\source\repos\buas_intake\release\collision.obj
c:\users\timon\source\repos\buas_intake\release\catapult.obj
c:\users\timon\source\repos\buas_intake\release\physicsmath.obj
c:\users\timon\source\repos\buas_intake\release\textureloader.obj
c:\users\timon\source\repos\buas_intake\release\material.obj
c:\users\timon\source\repos\buas_intake\release\objectloader.obj
c:\users\timon\source\repos\buas_intake\release\level.obj
c:\users\timon\source\repos\buas_intake\release\fonts.obj
c:\users\timon\source\repos\buas_intake\release\mainmenu.obj
c:\users\timon\source\repos\buas_intake\release\levelicon.obj
c:\users\timon\source\repos\buas_intake\release\button.obj
c:\users\timon\source\repos\buas_intake\release\buas_intake.exe
c:\users\timon\source\repos\buas_intake\release\buas_intake.pdb
c:\users\timon\source\repos\buas_intake\release\buas_intake.tlog\buas_intake.write.1u.tlog
c:\users\timon\source\repos\buas_intake\release\buas_intake.tlog\cl.command.1.tlog
c:\users\timon\source\repos\buas_intake\release\buas_intake.tlog\cl.read.1.tlog
c:\users\timon\source\repos\buas_intake\release\buas_intake.tlog\cl.write.1.tlog
c:\users\timon\source\repos\buas_intake\release\buas_intake.tlog\link.command.1.tlog
c:\users\timon\source\repos\buas_intake\release\buas_intake.tlog\link.read.1.tlog
c:\users\timon\source\repos\buas_intake\release\buas_intake.tlog\link.write.1.tlog
